2025-03-24 22:16:18.285 [info] Marked extension as removed vadimcn.vscode-lldb-1.11.1
2025-03-24 22:16:18.288 [info] Marked extension as removed vadimcn.vscode-lldb-1.11.2
2025-03-24 22:16:18.288 [info] Marked extension as removed vadimcn.vscode-lldb-1.11.3
2025-03-24 22:17:02.363 [info] Extensions added from another source demystifying-javascript.python-extensions-pack vscode-userdata:/Users/mongsil/.vscode/extensions/extensions.json
2025-03-24 22:17:02.364 [info] Extensions added from another source streetsidesoftware.code-spell-checker vscode-userdata:/Users/mongsil/.vscode/extensions/extensions.json
2025-03-24 22:17:02.625 [info] Extensions added from another source batisteo.vscode-django vscode-userdata:/Users/mongsil/.vscode/extensions/extensions.json
2025-03-24 22:17:03.309 [info] Extensions added from another source codezombiech.gitignore vscode-userdata:/Users/mongsil/.vscode/extensions/extensions.json
2025-03-24 22:17:03.309 [info] Extensions added from another source donjayamanne.git-extension-pack vscode-userdata:/Users/mongsil/.vscode/extensions/extensions.json
2025-03-24 22:17:03.309 [info] Extensions added from another source njpwerner.autodocstring vscode-userdata:/Users/mongsil/.vscode/extensions/extensions.json
2025-03-24 22:17:03.853 [info] Extensions added from another source ms-vscode.test-adapter-converter vscode-userdata:/Users/mongsil/.vscode/extensions/extensions.json
2025-03-24 22:17:04.709 [info] Extensions added from another source cstrap.python-snippets vscode-userdata:/Users/mongsil/.vscode/extensions/extensions.json
2025-03-24 22:17:04.709 [info] Extensions added from another source dongli.python-preview vscode-userdata:/Users/mongsil/.vscode/extensions/extensions.json
2025-03-24 22:17:04.709 [info] Extensions added from another source donjayamanne.githistory vscode-userdata:/Users/mongsil/.vscode/extensions/extensions.json
2025-03-24 22:17:04.878 [info] Extensions added from another source ziyasal.vscode-open-in-github vscode-userdata:/Users/mongsil/.vscode/extensions/extensions.json
2025-03-24 22:17:05.008 [info] Extensions added from another source kevinrose.vsc-python-indent vscode-userdata:/Users/mongsil/.vscode/extensions/extensions.json
2025-03-24 22:17:05.188 [info] Extensions added from another source njqdev.vscode-python-typehint vscode-userdata:/Users/mongsil/.vscode/extensions/extensions.json
2025-03-24 22:17:05.608 [info] Extensions added from another source hbenl.vscode-test-explorer vscode-userdata:/Users/mongsil/.vscode/extensions/extensions.json
2025-03-24 22:17:06.343 [info] Extensions added from another source thebarkman.vscode-djaneiro vscode-userdata:/Users/mongsil/.vscode/extensions/extensions.json
2025-03-24 22:17:07.808 [info] Extensions added from another source xirider.livecode vscode-userdata:/Users/mongsil/.vscode/extensions/extensions.json
2025-03-24 22:17:08.127 [info] Extensions added from another source littlefoxteam.vscode-python-test-adapter vscode-userdata:/Users/mongsil/.vscode/extensions/extensions.json
2025-03-24 22:17:10.403 [info] Extensions added from another source alefragnani.project-manager vscode-userdata:/Users/mongsil/.vscode/extensions/extensions.json
2025-03-24 22:17:10.403 [info] Extensions added from another source deerawan.vscode-dash vscode-userdata:/Users/mongsil/.vscode/extensions/extensions.json
2025-03-24 22:17:11.357 [info] Extensions added from another source oderwat.indent-rainbow vscode-userdata:/Users/mongsil/.vscode/extensions/extensions.json
2025-03-24 22:17:12.066 [info] Extensions added from another source kaih2o.python-resource-monitor vscode-userdata:/Users/mongsil/.vscode/extensions/extensions.json
2025-03-24 22:17:15.767 [info] Extensions added from another source almenon.arepl vscode-userdata:/Users/mongsil/.vscode/extensions/extensions.json
2025-03-24 22:17:17.359 [info] Extensions added from another source mintlify.document vscode-userdata:/Users/mongsil/.vscode/extensions/extensions.json
2025-03-24 22:17:18.896 [info] Extensions added from another source eamodio.gitlens vscode-userdata:/Users/mongsil/.vscode/extensions/extensions.json
2025-03-24 22:17:22.215 [info] Extensions added from another source trabpukcip.wolf vscode-userdata:/Users/mongsil/.vscode/extensions/extensions.json
2025-03-24 22:17:48.332 [info] Extensions added from another source sourcery.sourcery vscode-userdata:/Users/mongsil/.vscode/extensions/extensions.json
2025-03-24 22:17:51.782 [info] Extensions added from another source kevinrose.vsc-python-indent vscode-userdata:/Users/mongsil/.vscode/extensions/extensions.json
2025-03-24 22:20:11.914 [info] Extensions added from another source ms-vscode.test-adapter-converter vscode-userdata:/Users/mongsil/.vscode/extensions/extensions.json
